<?xml version="1.0" encoding="UTF-8"?>
<testng-results ignored="0" total="1" passed="1" failed="0" skipped="0">
  <reporter-output>
  </reporter-output>
  <suite started-at="2024-10-23T22:42:56 IST" name="Default suite" finished-at="2024-10-23T22:43:07 IST" duration-ms="11663">
    <groups>
    </groups>
    <test started-at="2024-10-23T22:42:56 IST" name="Default test" finished-at="2024-10-23T22:43:07 IST" duration-ms="11663">
      <class name="JavaPractice.LoginScript_PageFactory">
        <test-method is-config="true" signature="Setup()[pri:0, instance:JavaPractice.LoginScript_PageFactory@78691363]" started-at="2024-10-23T22:42:56 IST" name="Setup" finished-at="2024-10-23T22:43:03 IST" duration-ms="6725" status="PASS">
          <reporter-output>
          </reporter-output>
        </test-method> <!-- Setup -->
        <test-method signature="LoginTest()[pri:0, instance:JavaPractice.LoginScript_PageFactory@78691363]" started-at="2024-10-23T22:43:03 IST" name="LoginTest" finished-at="2024-10-23T22:43:07 IST" duration-ms="4574" status="PASS">
          <reporter-output>
          </reporter-output>
        </test-method> <!-- LoginTest -->
      </class> <!-- JavaPractice.LoginScript_PageFactory -->
    </test> <!-- Default test -->
  </suite> <!-- Default suite -->
</testng-results>
